<?xml version="1.0" encoding="UTF-8"?>
<testsuite name="StringRecipeTest" tests="1" skipped="0" failures="0" errors="0" timestamp="2022-12-06T16:38:04" hostname="DESKTOP-5S8HCDK" time="0.026">
  <properties/>
  <testcase name="stringRecipe()" classname="StringRecipeTest" time="0.026"/>
  <system-out><![CDATA[]]></system-out>
  <system-err><![CDATA[]]></system-err>
</testsuite>
