<?xml version="1.0" encoding="UTF-8"?>
<testsuite name="StringTransformerGroupTest" tests="1" skipped="0" failures="0" errors="0" timestamp="2022-12-06T15:51:11" hostname="DESKTOP-5S8HCDK" time="0.021">
  <properties/>
  <testcase name="transformerGroup()" classname="StringTransformerGroupTest" time="0.021"/>
  <system-out><![CDATA[]]></system-out>
  <system-err><![CDATA[]]></system-err>
</testsuite>
